Copyright 1986-2015 Xilinx, Inc. All Rights Reserved.
--------------------------------------------------------------------------------------------
| Tool Version      : Vivado v.2015.4 (win64) Build 1412921 Wed Nov 18 09:43:45 MST 2015
| Date              : Thu Dec 11 17:56:05 2025
| Host              : Victus running 64-bit major release  (build 9200)
| Command           : report_clock_utilization -file topModule_clock_utilization_routed.rpt
| Design            : topModule
| Device            : 7a35t-cpg236
| Speed File        : -1  PRODUCTION 1.14 2014-09-11
| Temperature Grade : C
--------------------------------------------------------------------------------------------

Clock Utilization Report

Table of Contents
-----------------
1. Clock Primitive Utilization
2. Details of Global Clocks
3. Details of Regional Clocks
4. Details of Multi-Regional Clocks
5. Details of I/O Clocks
6. Details of Local Clocks
7. Clock Regions : Key Resource Utilization
8. Net wise resources used in clock region X0Y0
9. Net wise resources used in clock region X1Y0
10. Net wise resources used in clock region X0Y1
11. Net wise resources used in clock region X1Y1
12. Net wise resources used in clock region X0Y2
13. Net wise resources used in clock region X1Y2

1. Clock Primitive Utilization
------------------------------

+-------+------+-----------+-----------+
| Type  | Used | Available | Num Fixed |
+-------+------+-----------+-----------+
| BUFG  |    6 |        32 |         0 |
| BUFH  |    0 |        72 |         0 |
| BUFIO |    0 |        20 |         0 |
| MMCM  |    0 |         5 |         0 |
| PLL   |    0 |         5 |         0 |
| BUFR  |    0 |        20 |         0 |
| BUFMR |    0 |        10 |         0 |
+-------+------+-----------+-----------+


2. Details of Global Clocks
---------------------------

+-------+------------------------------+-------------------------+--------------+-------+
|       |                              |                         |   Num Loads  |       |
+-------+------------------------------+-------------------------+------+-------+-------+
| Index | BUFG Cell                    | Net Name                | BELs | Sites | Fixed |
+-------+------------------------------+-------------------------+------+-------+-------+
|     1 | clk_vga_BUFG_inst            | clk_vga_BUFG            |   50 |    22 |    no |
|     2 | clk_player_control_BUFG_inst | clk_player_control_BUFG |   79 |    36 |    no |
|     3 | clk_calculation_BUFG_inst    | clk_calculation_BUFG    |  288 |   155 |    no |
|     4 | clk_IBUF_BUFG_inst           | clk_IBUF_BUFG           |  301 |    97 |    no |
|     5 | clk_centi_second_BUFG_inst   | clk_centi_second_BUFG   | 2139 |  1010 |    no |
|     6 | clk_object_control_BUFG_inst | clk_object_control_BUFG | 4855 |  1762 |    no |
+-------+------------------------------+-------------------------+------+-------+-------+


3. Details of Regional Clocks
-----------------------------

4. Details of Multi-Regional Clocks
-----------------------------------

5. Details of I/O Clocks
------------------------

6. Details of Local Clocks
--------------------------

+-------+--------------------------------+-----------------------------+--------------+-------+
|       |                                |                             |   Num Loads  |       |
+-------+--------------------------------+-----------------------------+------+-------+-------+
| Index | Local Clk Src                  | Net Name                    | BELs | Sites | Fixed |
+-------+--------------------------------+-----------------------------+------+-------+-------+
|     1 | vga_translate/RED_reg[3]_i_2   | vga_translate/RED[3]_269[0] |    2 |     1 |    no |
|     2 | vga_translate/GREEN_reg[3]_i_2 | vga_translate/E[0]          |    3 |     2 |    no |
+-------+--------------------------------+-----------------------------+------+-------+-------+


7. Clock Regions : Key Resource Utilization
-------------------------------------------

+-------------------+--------------+--------------+--------------+--------------+--------------+--------------+--------------+--------------+--------------+--------------+--------------+--------------+--------------+--------------+--------------+
|                   | Global Clock |     BUFRs    |    BUFMRs    |    BUFIOs    |     MMCM     |      PLL     |      GT      |      PCI     |    ILOGIC    |    OLOGIC    |      FF      |     LUTM     |    RAMB18    |    RAMB36    |    DSP48E1   |
+-------------------+------+-------+------+-------+------+-------+------+-------+------+-------+------+-------+------+-------+------+-------+------+-------+------+-------+------+-------+------+-------+------+-------+------+-------+------+-------+
| Clock Region Name | Used | Avail | Used | Avail | Used | Avail | Used | Avail | Used | Avail | Used | Avail | Used | Avail | Used | Avail | Used | Avail | Used | Avail | Used | Avail | Used | Avail | Used | Avail | Used | Avail | Used | Avail |
+-------------------+------+-------+------+-------+------+-------+------+-------+------+-------+------+-------+------+-------+------+-------+------+-------+------+-------+------+-------+------+-------+------+-------+------+-------+------+-------+
| X0Y0              |    6 |    12 |    0 |     4 |    0 |     2 |    0 |     4 |    0 |     1 |    0 |     1 |    0 |     0 |    0 |     0 |    0 |    50 |    0 |    50 | 1050 |  9600 |    0 |  1600 |    0 |    20 |    0 |    10 |    0 |    20 |
| X1Y0              |    6 |    12 |    0 |     4 |    0 |     2 |    0 |     4 |    0 |     1 |    0 |     1 |    0 |     0 |    0 |     0 |    0 |    50 |    0 |    50 | 1500 | 12000 |    0 |  1800 |    0 |    40 |    0 |    20 |    0 |    20 |
| X0Y1              |    4 |    12 |    0 |     4 |    0 |     2 |    0 |     4 |    0 |     1 |    0 |     1 |    0 |     0 |    0 |     0 |    0 |    50 |    0 |    50 | 1558 |  9600 |    0 |  1600 |    0 |    20 |    0 |    10 |    0 |    20 |
| X1Y1              |    5 |    12 |    0 |     4 |    0 |     2 |    0 |     4 |    0 |     1 |    0 |     1 |    0 |     0 |    0 |     0 |    0 |    50 |    0 |    50 | 2037 | 12000 |    0 |  1800 |    0 |    40 |    0 |    20 |    0 |    20 |
| X0Y2              |    3 |    12 |    0 |     4 |    0 |     2 |    0 |     4 |    0 |     1 |    0 |     1 |    0 |     0 |    0 |     0 |    0 |    50 |    0 |    50 | 1046 | 14400 |    0 |  1600 |    0 |    20 |    0 |    10 |    0 |    20 |
| X1Y2              |    3 |    12 |    0 |     0 |    0 |     0 |    0 |     0 |    0 |     0 |    0 |     0 |    0 |     5 |    0 |     1 |    0 |     0 |    0 |     0 |  526 |  7600 |    0 |  1200 |    0 |    10 |    0 |     5 |    0 |    20 |
+-------------------+------+-------+------+-------+------+-------+------+-------+------+-------+------+-------+------+-------+------+-------+------+-------+------+-------+------+-------+------+-------+------+-------+------+-------+------+-------+
* RAMB36 site can be used as two RAMB18/FIFO18 sites.


8. Net wise resources used in clock region X0Y0
-----------------------------------------------

+-------------+--------------+-------+-----------+----------+---------+-----------+---------+---------+-----+-------+----------+-------------------------+
| Source Type | BUFHCE Site  | Fixed | MMCM Pins | PLL Pins | GT Pins | BRAM Pins | ILOGICs | OLOGICs | FFs | LUTMs | DSP48E1s |      Clock Net Name     |
+-------------+--------------+-------+-----------+----------+---------+-----------+---------+---------+-----+-------+----------+-------------------------+
| BUFG        | BUFHCE_X0Y0  |   no  |         0 |        0 |       0 |         0 |       0 |       0 |  11 |     0 |        0 | clk_player_control_BUFG |
| BUFG        | BUFHCE_X0Y1  |   no  |         0 |        0 |       0 |         0 |       0 |       0 |  27 |     0 |        0 | clk_vga_BUFG            |
| BUFG        | BUFHCE_X0Y11 |   no  |         0 |        0 |       0 |         0 |       0 |       0 |  31 |     0 |        0 | clk_calculation_BUFG    |
| BUFG        | BUFHCE_X0Y10 |   no  |         0 |        0 |       0 |         0 |       0 |       0 | 113 |     0 |        0 | clk_IBUF_BUFG           |
| BUFG        | BUFHCE_X0Y9  |   no  |         0 |        0 |       0 |         0 |       0 |       0 | 313 |     0 |        0 | clk_centi_second_BUFG   |
| BUFG        | BUFHCE_X0Y8  |   no  |         0 |        0 |       0 |         0 |       0 |       0 | 555 |     0 |        0 | clk_object_control_BUFG |
+-------------+--------------+-------+-----------+----------+---------+-----------+---------+---------+-----+-------+----------+-------------------------+


9. Net wise resources used in clock region X1Y0
-----------------------------------------------

+-------------+--------------+-------+-----------+----------+---------+-----------+---------+---------+-----+-------+----------+-------------------------+
| Source Type | BUFHCE Site  | Fixed | MMCM Pins | PLL Pins | GT Pins | BRAM Pins | ILOGICs | OLOGICs | FFs | LUTMs | DSP48E1s |      Clock Net Name     |
+-------------+--------------+-------+-----------+----------+---------+-----------+---------+---------+-----+-------+----------+-------------------------+
| BUFG        | BUFHCE_X1Y1  |   no  |         0 |        0 |       0 |         0 |       0 |       0 |   5 |     0 |        0 | clk_vga_BUFG            |
| BUFG        | BUFHCE_X1Y11 |   no  |         0 |        0 |       0 |         0 |       0 |       0 |  47 |     0 |        0 | clk_calculation_BUFG    |
| BUFG        | BUFHCE_X1Y0  |   no  |         0 |        0 |       0 |         0 |       0 |       0 |  68 |     0 |        0 | clk_player_control_BUFG |
| BUFG        | BUFHCE_X1Y10 |   no  |         0 |        0 |       0 |         0 |       0 |       0 | 187 |     0 |        0 | clk_IBUF_BUFG           |
| BUFG        | BUFHCE_X1Y9  |   no  |         0 |        0 |       0 |         0 |       0 |       0 | 400 |     0 |        0 | clk_centi_second_BUFG   |
| BUFG        | BUFHCE_X1Y8  |   no  |         0 |        0 |       0 |         0 |       0 |       0 | 788 |     0 |        0 | clk_object_control_BUFG |
+-------------+--------------+-------+-----------+----------+---------+-----------+---------+---------+-----+-------+----------+-------------------------+


10. Net wise resources used in clock region X0Y1
------------------------------------------------

+-------------+--------------+-------+-----------+----------+---------+-----------+---------+---------+------+-------+----------+-------------------------+
| Source Type | BUFHCE Site  | Fixed | MMCM Pins | PLL Pins | GT Pins | BRAM Pins | ILOGICs | OLOGICs |  FFs | LUTMs | DSP48E1s |      Clock Net Name     |
+-------------+--------------+-------+-----------+----------+---------+-----------+---------+---------+------+-------+----------+-------------------------+
| BUFG        | BUFHCE_X0Y23 |   no  |         0 |        0 |       0 |         0 |       0 |       0 |    6 |     0 |        0 | clk_vga_BUFG            |
| BUFG        | BUFHCE_X0Y22 |   no  |         0 |        0 |       0 |         0 |       0 |       0 |   43 |     0 |        0 | clk_calculation_BUFG    |
| BUFG        | BUFHCE_X0Y21 |   no  |         0 |        0 |       0 |         0 |       0 |       0 |  404 |     0 |        0 | clk_centi_second_BUFG   |
| BUFG        | BUFHCE_X0Y20 |   no  |         0 |        0 |       0 |         0 |       0 |       0 | 1105 |     0 |        0 | clk_object_control_BUFG |
+-------------+--------------+-------+-----------+----------+---------+-----------+---------+---------+------+-------+----------+-------------------------+


11. Net wise resources used in clock region X1Y1
------------------------------------------------

+-------------+--------------+-------+-----------+----------+---------+-----------+---------+---------+------+-------+----------+-------------------------+
| Source Type | BUFHCE Site  | Fixed | MMCM Pins | PLL Pins | GT Pins | BRAM Pins | ILOGICs | OLOGICs |  FFs | LUTMs | DSP48E1s |      Clock Net Name     |
+-------------+--------------+-------+-----------+----------+---------+-----------+---------+---------+------+-------+----------+-------------------------+
| BUFG        | BUFHCE_X1Y22 |   no  |         0 |        0 |       0 |         0 |       0 |       0 |    1 |     0 |        0 | clk_IBUF_BUFG           |
| BUFG        | BUFHCE_X1Y12 |   no  |         0 |        0 |       0 |         0 |       0 |       0 |   12 |     0 |        0 | clk_vga_BUFG            |
| BUFG        | BUFHCE_X1Y23 |   no  |         0 |        0 |       0 |         0 |       0 |       0 |  139 |     0 |        0 | clk_calculation_BUFG    |
| BUFG        | BUFHCE_X1Y21 |   no  |         0 |        0 |       0 |         0 |       0 |       0 |  483 |     0 |        0 | clk_centi_second_BUFG   |
| BUFG        | BUFHCE_X1Y20 |   no  |         0 |        0 |       0 |         0 |       0 |       0 | 1402 |     0 |        0 | clk_object_control_BUFG |
+-------------+--------------+-------+-----------+----------+---------+-----------+---------+---------+------+-------+----------+-------------------------+


12. Net wise resources used in clock region X0Y2
------------------------------------------------

+-------------+--------------+-------+-----------+----------+---------+-----------+---------+---------+-----+-------+----------+-------------------------+
| Source Type | BUFHCE Site  | Fixed | MMCM Pins | PLL Pins | GT Pins | BRAM Pins | ILOGICs | OLOGICs | FFs | LUTMs | DSP48E1s |      Clock Net Name     |
+-------------+--------------+-------+-----------+----------+---------+-----------+---------+---------+-----+-------+----------+-------------------------+
| BUFG        | BUFHCE_X0Y34 |   no  |         0 |        0 |       0 |         0 |       0 |       0 |  24 |     0 |        0 | clk_calculation_BUFG    |
| BUFG        | BUFHCE_X0Y33 |   no  |         0 |        0 |       0 |         0 |       0 |       0 | 321 |     0 |        0 | clk_centi_second_BUFG   |
| BUFG        | BUFHCE_X0Y32 |   no  |         0 |        0 |       0 |         0 |       0 |       0 | 701 |     0 |        0 | clk_object_control_BUFG |
+-------------+--------------+-------+-----------+----------+---------+-----------+---------+---------+-----+-------+----------+-------------------------+


13. Net wise resources used in clock region X1Y2
------------------------------------------------

+-------------+--------------+-------+-----------+----------+---------+-----------+---------+---------+-----+-------+----------+-------------------------+
| Source Type | BUFHCE Site  | Fixed | MMCM Pins | PLL Pins | GT Pins | BRAM Pins | ILOGICs | OLOGICs | FFs | LUTMs | DSP48E1s |      Clock Net Name     |
+-------------+--------------+-------+-----------+----------+---------+-----------+---------+---------+-----+-------+----------+-------------------------+
| BUFG        | BUFHCE_X1Y34 |   no  |         0 |        0 |       0 |         0 |       0 |       0 |   4 |     0 |        0 | clk_calculation_BUFG    |
| BUFG        | BUFHCE_X1Y33 |   no  |         0 |        0 |       0 |         0 |       0 |       0 | 218 |     0 |        0 | clk_centi_second_BUFG   |
| BUFG        | BUFHCE_X1Y32 |   no  |         0 |        0 |       0 |         0 |       0 |       0 | 304 |     0 |        0 | clk_object_control_BUFG |
+-------------+--------------+-------+-----------+----------+---------+-----------+---------+---------+-----+-------+----------+-------------------------+



# Location of BUFG Primitives 
set_property LOC BUFGCTRL_X0Y2 [get_cells clk_IBUF_BUFG_inst]
set_property LOC BUFGCTRL_X0Y3 [get_cells clk_calculation_BUFG_inst]
set_property LOC BUFGCTRL_X0Y1 [get_cells clk_centi_second_BUFG_inst]
set_property LOC BUFGCTRL_X0Y0 [get_cells clk_object_control_BUFG_inst]
set_property LOC BUFGCTRL_X0Y4 [get_cells clk_player_control_BUFG_inst]
set_property LOC BUFGCTRL_X0Y5 [get_cells clk_vga_BUFG_inst]

# Location of IO Clock Primitives

# Location of MMCM Clock Primitives

# Location of BUFH Clock Primitives

# Location of BUFR Clock Primitives

# Location of BUFMR Clock Primitives

# Location of PLL Clock Primitives

# Location of IO Primitives which is load of clock spine

# Location of clock ports
set_property LOC IOB_X1Y26 [get_ports clk]

# Clock net "clk_IBUF_BUFG" driven by instance "clk_IBUF_BUFG_inst" located at site "BUFGCTRL_X0Y2"
#startgroup
create_pblock {CLKAG_clk_IBUF_BUFG}
add_cells_to_pblock [get_pblocks  {CLKAG_clk_IBUF_BUFG}] [get_cells -filter { PRIMITIVE_GROUP != I/O && IS_PRIMITIVE==1 && PRIMITIVE_LEVEL !=INTERNAL } -of_object [get_pins -filter {DIRECTION==IN} -of_objects [get_nets -hierarchical -filter {PARENT=="clk_IBUF_BUFG"}]]]
resize_pblock [get_pblocks {CLKAG_clk_IBUF_BUFG}] -add {CLOCKREGION_X0Y0:CLOCKREGION_X0Y0 CLOCKREGION_X1Y0:CLOCKREGION_X1Y0 CLOCKREGION_X1Y1:CLOCKREGION_X1Y1}
#endgroup

# Clock net "clk_calculation_BUFG" driven by instance "clk_calculation_BUFG_inst" located at site "BUFGCTRL_X0Y3"
#startgroup
create_pblock {CLKAG_clk_calculation_BUFG}
add_cells_to_pblock [get_pblocks  {CLKAG_clk_calculation_BUFG}] [get_cells -filter { PRIMITIVE_GROUP != I/O && IS_PRIMITIVE==1 && PRIMITIVE_LEVEL !=INTERNAL } -of_object [get_pins -filter {DIRECTION==IN} -of_objects [get_nets -hierarchical -filter {PARENT=="clk_calculation_BUFG"}]]]
resize_pblock [get_pblocks {CLKAG_clk_calculation_BUFG}] -add {CLOCKREGION_X0Y0:CLOCKREGION_X0Y0 CLOCKREGION_X0Y1:CLOCKREGION_X0Y1 CLOCKREGION_X0Y2:CLOCKREGION_X0Y2 CLOCKREGION_X1Y0:CLOCKREGION_X1Y0 CLOCKREGION_X1Y1:CLOCKREGION_X1Y1 CLOCKREGION_X1Y2:CLOCKREGION_X1Y2}
#endgroup

# Clock net "clk_centi_second_BUFG" driven by instance "clk_centi_second_BUFG_inst" located at site "BUFGCTRL_X0Y1"
#startgroup
create_pblock {CLKAG_clk_centi_second_BUFG}
add_cells_to_pblock [get_pblocks  {CLKAG_clk_centi_second_BUFG}] [get_cells -filter { PRIMITIVE_GROUP != I/O && IS_PRIMITIVE==1 && PRIMITIVE_LEVEL !=INTERNAL } -of_object [get_pins -filter {DIRECTION==IN} -of_objects [get_nets -hierarchical -filter {PARENT=="clk_centi_second_BUFG"}]]]
resize_pblock [get_pblocks {CLKAG_clk_centi_second_BUFG}] -add {CLOCKREGION_X0Y0:CLOCKREGION_X0Y0 CLOCKREGION_X0Y1:CLOCKREGION_X0Y1 CLOCKREGION_X0Y2:CLOCKREGION_X0Y2 CLOCKREGION_X1Y0:CLOCKREGION_X1Y0 CLOCKREGION_X1Y1:CLOCKREGION_X1Y1 CLOCKREGION_X1Y2:CLOCKREGION_X1Y2}
#endgroup

# Clock net "clk_object_control_BUFG" driven by instance "clk_object_control_BUFG_inst" located at site "BUFGCTRL_X0Y0"
#startgroup
create_pblock {CLKAG_clk_object_control_BUFG}
add_cells_to_pblock [get_pblocks  {CLKAG_clk_object_control_BUFG}] [get_cells -filter { PRIMITIVE_GROUP != I/O && IS_PRIMITIVE==1 && PRIMITIVE_LEVEL !=INTERNAL } -of_object [get_pins -filter {DIRECTION==IN} -of_objects [get_nets -hierarchical -filter {PARENT=="clk_object_control_BUFG"}]]]
resize_pblock [get_pblocks {CLKAG_clk_object_control_BUFG}] -add {CLOCKREGION_X0Y0:CLOCKREGION_X0Y0 CLOCKREGION_X0Y1:CLOCKREGION_X0Y1 CLOCKREGION_X0Y2:CLOCKREGION_X0Y2 CLOCKREGION_X1Y0:CLOCKREGION_X1Y0 CLOCKREGION_X1Y1:CLOCKREGION_X1Y1 CLOCKREGION_X1Y2:CLOCKREGION_X1Y2}
#endgroup

# Clock net "clk_player_control_BUFG" driven by instance "clk_player_control_BUFG_inst" located at site "BUFGCTRL_X0Y4"
#startgroup
create_pblock {CLKAG_clk_player_control_BUFG}
add_cells_to_pblock [get_pblocks  {CLKAG_clk_player_control_BUFG}] [get_cells -filter { PRIMITIVE_GROUP != I/O && IS_PRIMITIVE==1 && PRIMITIVE_LEVEL !=INTERNAL } -of_object [get_pins -filter {DIRECTION==IN} -of_objects [get_nets -hierarchical -filter {PARENT=="clk_player_control_BUFG"}]]]
resize_pblock [get_pblocks {CLKAG_clk_player_control_BUFG}] -add {CLOCKREGION_X0Y0:CLOCKREGION_X0Y0 CLOCKREGION_X1Y0:CLOCKREGION_X1Y0}
#endgroup

# Clock net "clk_vga_BUFG" driven by instance "clk_vga_BUFG_inst" located at site "BUFGCTRL_X0Y5"
#startgroup
create_pblock {CLKAG_clk_vga_BUFG}
add_cells_to_pblock [get_pblocks  {CLKAG_clk_vga_BUFG}] [get_cells -filter { PRIMITIVE_GROUP != I/O && IS_PRIMITIVE==1 && PRIMITIVE_LEVEL !=INTERNAL } -of_object [get_pins -filter {DIRECTION==IN} -of_objects [get_nets -hierarchical -filter {PARENT=="clk_vga_BUFG"}]]]
resize_pblock [get_pblocks {CLKAG_clk_vga_BUFG}] -add {CLOCKREGION_X0Y0:CLOCKREGION_X0Y0 CLOCKREGION_X0Y1:CLOCKREGION_X0Y1 CLOCKREGION_X1Y0:CLOCKREGION_X1Y0 CLOCKREGION_X1Y1:CLOCKREGION_X1Y1}
#endgroup

# Clock net "vga_translate/E[0]" driven by instance "vga_translate/GREEN_reg[3]_i_2" located at site "SLICE_X40Y41"
#startgroup
create_pblock {CLKAG_vga_translate/E[0]}
add_cells_to_pblock [get_pblocks  {CLKAG_vga_translate/E[0]}] [get_cells -filter { PRIMITIVE_GROUP != I/O && IS_PRIMITIVE==1 && PRIMITIVE_LEVEL !=INTERNAL } -of_object [get_pins -filter {DIRECTION==IN} -of_objects [get_nets -hierarchical -filter {PARENT=="vga_translate/E[0]"}]]]
resize_pblock [get_pblocks {CLKAG_vga_translate/E[0]}] -add {CLOCKREGION_X1Y0:CLOCKREGION_X1Y0}
#endgroup

# Clock net "vga_translate/RED[3]_269[0]" driven by instance "vga_translate/RED_reg[3]_i_2" located at site "SLICE_X40Y41"
#startgroup
create_pblock {CLKAG_vga_translate/RED[3]_269[0]}
add_cells_to_pblock [get_pblocks  {CLKAG_vga_translate/RED[3]_269[0]}] [get_cells -filter { PRIMITIVE_GROUP != I/O && IS_PRIMITIVE==1 && PRIMITIVE_LEVEL !=INTERNAL } -of_object [get_pins -filter {DIRECTION==IN} -of_objects [get_nets -hierarchical -filter {PARENT=="vga_translate/RED[3]_269[0]"}]]]
resize_pblock [get_pblocks {CLKAG_vga_translate/RED[3]_269[0]}] -add {CLOCKREGION_X1Y0:CLOCKREGION_X1Y0}
#endgroup
